app/build/outputs/logs/manifest-merger-release-report.txt
-- Merging decision tree log ---
manifest
ADDED from src\main\AndroidManifest.xml:2:1-148:12
INJECTED from src\main\AndroidManifest.xml:2:1-148:12
INJECTED from src\main\AndroidManifest.xml:2:1-148:12
INJECTED from src\main\AndroidManifest.xml:2:1-148:12
MERGED from [:status] AndroidManifest.xml:2:1-17:12
MERGED from [jp.wasabeef:glide-transformations:2.0.2] AndroidManifest.xml:2:1-12:12
MERGED from [com.github.yuruiyin:AppbarLayoutBehavior:v1.0.2] AndroidManifest.xml:2:1-11:12
MERGED from [com.android.support:design:26.0.1] AndroidManifest.xml:17:1-31:12
MERGED from [com.jpardogo.materialtabstrip:library:1.1.0] AndroidManifest.xml:2:1-11:12
MERGED from [it.sephiroth.android.library.horizontallistview:hlistview:1.2.2] AndroidManifest.xml:1:1-6:12
MERGED from [com.lzy.widget:imagepicker:0.6.1] AndroidManifest.xml:2:1-51:12
MERGED from [org.kymjs.kjframe:kjframe:2.4.6.2] AndroidManifest.xml:2:1-13:12
MERGED from [com.rengwuxian.materialedittext:library:2.1.3] AndroidManifest.xml:2:1-10:12
MERGED from [pub.devrel:easypermissions:2.0.1] AndroidManifest.xml:2:1-19:12
MERGED from [com.android.support:appcompat-v7:26.0.1] AndroidManifest.xml:17:1-31:12
MERGED from [com.android.support:transition:26.0.1] AndroidManifest.xml:17:1-28:12
MERGED from [com.github.chrisbanes.photoview:library:1.2.4] AndroidManifest.xml:2:1-11:12
MERGED from [com.google.android.gms:play-services-appindexing:8.4.0] AndroidManifest.xml:16:1-20:12
MERGED from [com.google.android.gms:play-services-base:8.4.0] AndroidManifest.xml:16:1-19:12
MERGED from [com.google.android.gms:play-services-basement:8.4.0] AndroidManifest.xml:16:1-26:12
MERGED from [com.android.support:support-v4:26.0.1] AndroidManifest.xml:17:1-31:12
MERGED from [com.lzy.net:okhttputils:1.8.1] AndroidManifest.xml:2:1-16:12
MERGED from [com.android.support:cardview-v7:26.0.1] AndroidManifest.xml:17:1-28:12
MERGED from [org.quanqi:mpandroidchart:1.7.5] AndroidManifest.xml:2:1-22:12
MERGED from [com.android.support.constraint:constraint-layout:1.0.2] AndroidManifest.xml:2:1-11:12
MERGED from [com.github.CymChad:BaseRecyclerViewAdapterHelper:2.9.47] AndroidManifest.xml:2:1-11:12
MERGED from [com.android.support:multidex:1.0.2] AndroidManifest.xml:17:1-22:12
MERGED from [top.zibin:Luban:1.1.3] AndroidManifest.xml:2:1-11:12
MERGED from [io.reactivex.rxjava2:rxandroid:2.0.1] AndroidManifest.xml:15:1-21:12
MERGED from [com.wx.wheelview:wheelview:1.3.3] AndroidManifest.xml:2:1-16:12
MERGED from [com.umeng.sdk:push:4.1.0] AndroidManifest.xml:2:1-165:12
MERGED from [com.facebook.fresco:animated-gif:1.10.0] AndroidManifest.xml:2:1-9:12
MERGED from [com.jakewharton:butterknife:9.0.0] AndroidManifest.xml:2:1-7:12
MERGED from [me.zhouzhuo.zzweatherview:zz-weather-view:1.0.2] AndroidManifest.xml:2:1-17:12
MERGED from [com.contrarywind:Android-PickerView:4.1.9] AndroidManifest.xml:2:1-11:12
MERGED from [com.flyco.tablayout:FlycoTabLayout_Lib:2.1.2] AndroidManifest.xml:2:1-12:12
MERGED from [com.melnykov:floatingactionbutton:1.3.0] AndroidManifest.xml:2:1-14:12
MERGED from [com.android.support:recyclerview-v7:26.0.1] AndroidManifest.xml:17:1-28:12
MERGED from [:Gpu-Image] AndroidManifest.xml:2:1-11:12
MERGED from [:ImageViewTouch] AndroidManifest.xml:2:1-16:12
MERGED from [com.tbruyelle.rxpermissions2:rxpermissions:0.9.3] AndroidManifest.xml:2:1-13:12
MERGED from [com.umeng.sdk:share-core:6.9.1] AndroidManifest.xml:2:1-16:12
MERGED from [com.umeng.sdk:share-wechat:6.9.1] AndroidManifest.xml:2:1-19:12
MERGED from [com.umeng.sdk:share-sina:6.9.1] AndroidManifest.xml:2:1-37:12
MERGED from [com.umeng.sdk:shareboard-widget:6.9.1] AndroidManifest.xml:2:1-12:12
MERGED from [com.android.support:support-media-compat:26.0.1] AndroidManifest.xml:17:1-31:12
MERGED from [com.android.support:support-fragment:26.0.1] AndroidManifest.xml:17:1-31:12
MERGED from [com.android.support:support-core-utils:26.0.1] AndroidManifest.xml:17:1-31:12
MERGED from [com.android.support:animated-vector-drawable:26.0.1] AndroidManifest.xml:17:1-28:12
MERGED from [com.android.support:support-core-ui:26.0.1] AndroidManifest.xml:17:1-31:12
MERGED from [com.android.support:support-vector-drawable:26.0.1] AndroidManifest.xml:17:1-28:12
MERGED from [com.jakewharton:butterknife-runtime:9.0.0] AndroidManifest.xml:2:1-7:12
MERGED from [com.android.support:support-compat:26.0.1] AndroidManifest.xml:17:1-31:12
MERGED from [com.contrarywind:wheelview:4.1.0] AndroidManifest.xml:2:1-11:12
MERGED from [com.facebook.fresco:animated-base:1.10.0] AndroidManifest.xml:2:1-9:12
MERGED from [com.facebook.fresco:animated-drawable:1.10.0] AndroidManifest.xml:2:1-9:12
MERGED from [com.facebook.fresco:drawee:1.10.0] AndroidManifest.xml:2:1-9:12
MERGED from [com.facebook.fresco:imagepipeline:1.10.0] AndroidManifest.xml:2:1-9:12
MERGED from [com.facebook.fresco:imagepipeline-base:1.10.0] AndroidManifest.xml:2:1-9:12
MERGED from [com.facebook.soloader:soloader:0.5.0] AndroidManifest.xml:2:1-13:12
MERGED from [com.facebook.fresco:fbcore:1.10.0] AndroidManifest.xml:2:1-9:12
INJECTED from src\main\AndroidManifest.xml:2:1-148:12
INJECTED from src\main\AndroidManifest.xml:2:1-148:12
INJECTED from src\main\AndroidManifest.xml:2:1-148:12
	package
		ADDED from src\main\AndroidManifest.xml:4:5-32
		INJECTED from src\main\AndroidManifest.xml
		INJECTED from src\main\AndroidManifest.xml
	android:versionName
		INJECTED from src\main\AndroidManifest.xml
		ADDED from src\main\AndroidManifest.xml:2:1-148:12
		INJECTED from src\main\AndroidManifest.xml
	xmlns:tools
		ADDED from src\main\AndroidManifest.xml:3:5-51
	android:versionCode
		INJECTED from src\main\AndroidManifest.xml
		ADDED from src\main\AndroidManifest.xml:2:1-148:12
		INJECTED from src\main\AndroidManifest.xml
	xmlns:android
		ADDED from src\main\AndroidManifest.xml:2:11-69
uses-sdk
ADDED from src\main\AndroidManifest.xml:6:5-83
INJECTED from src\main\AndroidManifest.xml:6:5-83
INJECTED from src\main\AndroidManifest.xml:6:5-83
MERGED from [:status] AndroidManifest.xml:7:5-9:41
MERGED from [:status] AndroidManifest.xml:7:5-9:41
MERGED from [jp.wasabeef:glide-transformations:2.0.2] AndroidManifest.xml:8:5-10:41
MERGED from [jp.wasabeef:glide-transformations:2.0.2] AndroidManifest.xml:8:5-10:41
MERGED from [com.github.yuruiyin:AppbarLayoutBehavior:v1.0.2] AndroidManifest.xml:7:5-9:41
MERGED from [com.github.yuruiyin:AppbarLayoutBehavior:v1.0.2] AndroidManifest.xml:7:5-9:41
MERGED from [com.android.support:design:26.0.1] AndroidManifest.xml:21:5-23:62
MERGED from [com.android.support:design:26.0.1] AndroidManifest.xml:21:5-23:62
MERGED from [com.jpardogo.materialtabstrip:library:1.1.0] AndroidManifest.xml:5:5-7:41
MERGED from [com.jpardogo.materialtabstrip:library:1.1.0] AndroidManifest.xml:5:5-7:41
MERGED from [it.sephiroth.android.library.horizontallistview:hlistview:1.2.2] AndroidManifest.xml:2:5-72
MERGED from [it.sephiroth.android.library.horizontallistview:hlistview:1.2.2] AndroidManifest.xml:2:5-72
MERGED from [com.lzy.widget:imagepicker:0.6.1] AndroidManifest.xml:7:5-9:41
MERGED from [com.lzy.widget:imagepicker:0.6.1] AndroidManifest.xml:7:5-9:41
MERGED from [org.kymjs.kjframe:kjframe:2.4.6.2] AndroidManifest.xml:7:5-9:41
MERGED from [org.kymjs.kjframe:kjframe:2.4.6.2] AndroidManifest.xml:7:5-9:41
MERGED from [com.rengwuxian.materialedittext:library:2.1.3] AndroidManifest.xml:6:5-8:41
MERGED from [com.rengwuxian.materialedittext:library:2.1.3] AndroidManifest.xml:6:5-8:41
MERGED from [pub.devrel:easypermissions:2.0.1] AndroidManifest.xml:7:5-9:41
MERGED from [pub.devrel:easypermissions:2.0.1] AndroidManifest.xml:7:5-9:41
MERGED from [com.android.support:appcompat-v7:26.0.1] AndroidManifest.xml:21:5-23:78
MERGED from [com.android.support:appcompat-v7:26.0.1] AndroidManifest.xml:21:5-23:78
MERGED from [com.android.support:transition:26.0.1] AndroidManifest.xml:20:5-44
MERGED from [com.android.support:transition:26.0.1] AndroidManifest.xml:20:5-44
MERGED from [com.github.chrisbanes.photoview:library:1.2.4] AndroidManifest.xml:7:5-9:41
MERGED from [com.github.chrisbanes.photoview:library:1.2.4] AndroidManifest.xml:7:5-9:41
MERGED from [com.google.android.gms:play-services-appindexing:8.4.0] AndroidManifest.xml:18:5-42
MERGED from [com.google.android.gms:play-services-appindexing:8.4.0] AndroidManifest.xml:18:5-42
MERGED from [com.google.android.gms:play-services-base:8.4.0] AndroidManifest.xml:18:5-42
MERGED from [com.google.android.gms:play-services-base:8.4.0] AndroidManifest.xml:18:5-42
MERGED from [com.google.android.gms:play-services-basement:8.4.0] AndroidManifest.xml:18:5-42
MERGED from [com.google.android.gms:play-services-basement:8.4.0] AndroidManifest.xml:18:5-42
MERGED from [com.android.support:support-v4:26.0.1] AndroidManifest.xml:21:5-23:54
MERGED from [com.android.support:support-v4:26.0.1] AndroidManifest.xml:21:5-23:54
MERGED from [com.lzy.net:okhttputils:1.8.1] AndroidManifest.xml:7:5-9:41
MERGED from [com.lzy.net:okhttputils:1.8.1] AndroidManifest.xml:7:5-9:41
MERGED from [com.android.support:cardview-v7:26.0.1] AndroidManifest.xml:20:5-44
MERGED from [com.android.support:cardview-v7:26.0.1] AndroidManifest.xml:20:5-44
MERGED from [org.quanqi:mpandroidchart:1.7.5] AndroidManifest.xml:7:5-9:41
MERGED from [org.quanqi:mpandroidchart:1.7.5] AndroidManifest.xml:7:5-9:41
MERGED from [com.android.support.constraint:constraint-layout:1.0.2] AndroidManifest.xml:5:5-7:41
MERGED from [com.android.support.constraint:constraint-layout:1.0.2] AndroidManifest.xml:5:5-7:41
MERGED from [com.github.CymChad:BaseRecyclerViewAdapterHelper:2.9.47] AndroidManifest.xml:7:5-9:41
MERGED from [com.github.CymChad:BaseRecyclerViewAdapterHelper:2.9.47] AndroidManifest.xml:7:5-9:41
MERGED from [com.android.support:multidex:1.0.2] AndroidManifest.xml:20:5-43
MERGED from [com.android.support:multidex:1.0.2] AndroidManifest.xml:20:5-43
MERGED from [top.zibin:Luban:1.1.3] AndroidManifest.xml:7:5-9:41
MERGED from [top.zibin:Luban:1.1.3] AndroidManifest.xml:7:5-9:41
MERGED from [io.reactivex.rxjava2:rxandroid:2.0.1] AndroidManifest.xml:19:5-43
MERGED from [io.reactivex.rxjava2:rxandroid:2.0.1] AndroidManifest.xml:19:5-43
MERGED from [com.wx.wheelview:wheelview:1.3.3] AndroidManifest.xml:7:5-9:41
MERGED from [com.wx.wheelview:wheelview:1.3.3] AndroidManifest.xml:7:5-9:41
MERGED from [com.umeng.sdk:push:4.1.0] AndroidManifest.xml:7:5-9:41
MERGED from [com.umeng.sdk:push:4.1.0] AndroidManifest.xml:7:5-9:41
MERGED from [com.facebook.fresco:animated-gif:1.10.0] AndroidManifest.xml:5:5-7:41
MERGED from [com.facebook.fresco:animated-gif:1.10.0] AndroidManifest.xml:5:5-7:41
MERGED from [com.jakewharton:butterknife:9.0.0] AndroidManifest.xml:5:5-44
MERGED from [com.jakewharton:butterknife:9.0.0] AndroidManifest.xml:5:5-44
MERGED from [me.zhouzhuo.zzweatherview:zz-weather-view:1.0.2] AndroidManifest.xml:7:5-9:41
MERGED from [me.zhouzhuo.zzweatherview:zz-weather-view:1.0.2] AndroidManifest.xml:7:5-9:41
MERGED from [com.contrarywind:Android-PickerView:4.1.9] AndroidManifest.xml:7:5-9:41
MERGED from [com.contrarywind:Android-PickerView:4.1.9] AndroidManifest.xml:7:5-9:41
MERGED from [com.flyco.tablayout:FlycoTabLayout_Lib:2.1.2] AndroidManifest.xml:8:5-10:41
MERGED from [com.flyco.tablayout:FlycoTabLayout_Lib:2.1.2] AndroidManifest.xml:8:5-10:41
MERGED from [com.melnykov:floatingactionbutton:1.3.0] AndroidManifest.xml:8:5-10:41
MERGED from [com.melnykov:floatingactionbutton:1.3.0] AndroidManifest.xml:8:5-10:41
MERGED from [com.android.support:recyclerview-v7:26.0.1] AndroidManifest.xml:20:5-44
MERGED from [com.android.support:recyclerview-v7:26.0.1] AndroidManifest.xml:20:5-44
MERGED from [:Gpu-Image] AndroidManifest.xml:7:5-9:41
MERGED from [:Gpu-Image] AndroidManifest.xml:7:5-9:41
MERGED from [:ImageViewTouch] AndroidManifest.xml:7:5-9:41
MERGED from [:ImageViewTouch] AndroidManifest.xml:7:5-9:41
MERGED from [com.tbruyelle.rxpermissions2:rxpermissions:0.9.3] AndroidManifest.xml:7:5-9:41
MERGED from [com.tbruyelle.rxpermissions2:rxpermissions:0.9.3] AndroidManifest.xml:7:5-9:41
MERGED from [com.umeng.sdk:share-core:6.9.1] AndroidManifest.xml:7:5-9:41
MERGED from [com.umeng.sdk:share-core:6.9.1] AndroidManifest.xml:7:5-9:41
MERGED from [com.umeng.sdk:share-wechat:6.9.1] AndroidManifest.xml:7:5-9:41
MERGED from [com.umeng.sdk:share-wechat:6.9.1] AndroidManifest.xml:7:5-9:41
MERGED from [com.umeng.sdk:share-sina:6.9.1] AndroidManifest.xml:7:5-9:41
MERGED from [com.umeng.sdk:share-sina:6.9.1] AndroidManifest.xml:7:5-9:41
MERGED from [com.umeng.sdk:shareboard-widget:6.9.1] AndroidManifest.xml:5:5-7:41
MERGED from [com.umeng.sdk:shareboard-widget:6.9.1] AndroidManifest.xml:5:5-7:41
MERGED from [com.android.support:support-media-compat:26.0.1] AndroidManifest.xml:21:5-23:63
MERGED from [com.android.support:support-media-compat:26.0.1] AndroidManifest.xml:21:5-23:63
MERGED from [com.android.support:support-fragment:26.0.1] AndroidManifest.xml:21:5-23:60
MERGED from [com.android.support:support-fragment:26.0.1] AndroidManifest.xml:21:5-23:60
MERGED from [com.android.support:support-core-utils:26.0.1] AndroidManifest.xml:21:5-23:61
MERGED from [com.android.support:support-core-utils:26.0.1] AndroidManifest.xml:21:5-23:61
MERGED from [com.android.support:animated-vector-drawable:26.0.1] AndroidManifest.xml:20:5-44
MERGED from [com.android.support:animated-vector-drawable:26.0.1] AndroidManifest.xml:20:5-44
MERGED from [com.android.support:support-core-ui:26.0.1] AndroidManifest.xml:21:5-23:58
MERGED from [com.android.support:support-core-ui:26.0.1] AndroidManifest.xml:21:5-23:58
MERGED from [com.android.support:support-vector-drawable:26.0.1] AndroidManifest.xml:20:5-44
MERGED from [com.android.support:support-vector-drawable:26.0.1] AndroidManifest.xml:20:5-44
MERGED from [com.jakewharton:butterknife-runtime:9.0.0] AndroidManifest.xml:5:5-44
MERGED from [com.jakewharton:butterknife-runtime:9.0.0] AndroidManifest.xml:5:5-44
MERGED from [com.android.support:support-compat:26.0.1] AndroidManifest.xml:21:5-23:58
MERGED from [com.android.support:support-compat:26.0.1] AndroidManifest.xml:21:5-23:58
MERGED from [com.contrarywind:wheelview:4.1.0] AndroidManifest.xml:7:5-9:41
MERGED from [com.contrarywind:wheelview:4.1.0] AndroidManifest.xml:7:5-9:41
MERGED from [com.facebook.fresco:animated-base:1.10.0] AndroidManifest.xml:5:5-7:41
MERGED from [com.facebook.fresco:animated-base:1.10.0] AndroidManifest.xml:5:5-7:41
MERGED from [com.facebook.fresco:animated-drawable:1.10.0] AndroidManifest.xml:5:5-7:41
MERGED from [com.facebook.fresco:animated-drawable:1.10.0] AndroidManifest.xml:5:5-7:41
MERGED from [com.facebook.fresco:drawee:1.10.0] AndroidManifest.xml:5:5-7:41
MERGED from [com.facebook.fresco:drawee:1.10.0] AndroidManifest.xml:5:5-7:41
MERGED from [com.facebook.fresco:imagepipeline:1.10.0] AndroidManifest.xml:5:5-7:41
MERGED from [com.facebook.fresco:imagepipeline:1.10.0] AndroidManifest.xml:5:5-7:41
MERGED from [com.facebook.fresco:imagepipeline-base:1.10.0] AndroidManifest.xml:5:5-7:41
MERGED from [com.facebook.fresco:imagepipeline-base:1.10.0] AndroidManifest.xml:5:5-7:41
MERGED from [com.facebook.soloader:soloader:0.5.0] AndroidManifest.xml:7:5-9:41
MERGED from [com.facebook.soloader:soloader:0.5.0] AndroidManifest.xml:7:5-9:41
MERGED from [com.facebook.fresco:fbcore:1.10.0] AndroidManifest.xml:5:5-7:41
MERGED from [com.facebook.fresco:fbcore:1.10.0] AndroidManifest.xml:5:5-7:41
INJECTED from src\main\AndroidManifest.xml:6:5-83
INJECTED from src\main\AndroidManifest.xml:6:5-83
	tools:overrideLibrary
		ADDED from src\main\AndroidManifest.xml:6:15-80
	android:targetSdkVersion
		INJECTED from src\main\AndroidManifest.xml
		ADDED from src\main\AndroidManifest.xml:6:5-83
		INJECTED from src\main\AndroidManifest.xml
	android:minSdkVersion
		INJECTED from src\main\AndroidManifest.xml
		ADDED from src\main\AndroidManifest.xml:6:5-83
		INJECTED from src\main\AndroidManifest.xml
uses-permission#android.permission.ACCESS_NETWORK_STATE
ADDED from src\main\AndroidManifest.xml:8:5-79
MERGED from [com.umeng.sdk:push:4.1.0] AndroidManifest.xml:12:5-79
MERGED from [com.umeng.sdk:push:4.1.0] AndroidManifest.xml:12:5-79
	android:name
		ADDED from src\main\AndroidManifest.xml:8:22-76
uses-feature#android.hardware.camera
ADDED from src\main\AndroidManifest.xml:10:5-60
	android:name
		ADDED from src\main\AndroidManifest.xml:10:19-57
uses-feature#android.hardware.camera.autofocus
ADDED from src\main\AndroidManifest.xml:11:5-70
	android:name
		ADDED from src\main\AndroidManifest.xml:11:19-67
uses-permission#android.permission.INTERNET
ADDED from src\main\AndroidManifest.xml:13:5-67
MERGED from [com.lzy.net:okhttputils:1.8.1] AndroidManifest.xml:11:5-67
MERGED from [com.lzy.net:okhttputils:1.8.1] AndroidManifest.xml:11:5-67
MERGED from [com.umeng.sdk:push:4.1.0] AndroidManifest.xml:11:5-67
MERGED from [com.umeng.sdk:push:4.1.0] AndroidManifest.xml:11:5-67
	android:name
		ADDED from src\main\AndroidManifest.xml:13:22-64
uses-permission#android.permission.WRITE_EXTERNAL_STORAGE
ADDED from src\main\AndroidManifest.xml:14:5-81
MERGED from [com.lzy.widget:imagepicker:0.6.1] AndroidManifest.xml:14:5-81
MERGED from [com.lzy.widget:imagepicker:0.6.1] AndroidManifest.xml:14:5-81
MERGED from [com.lzy.net:okhttputils:1.8.1] AndroidManifest.xml:13:5-81
MERGED from [com.lzy.net:okhttputils:1.8.1] AndroidManifest.xml:13:5-81
MERGED from [com.umeng.sdk:push:4.1.0] AndroidManifest.xml:14:5-81
MERGED from [com.umeng.sdk:push:4.1.0] AndroidManifest.xml:14:5-81
	android:name
		ADDED from src\main\AndroidManifest.xml:14:22-78
uses-permission#android.permission.READ_PHONE_STATE
ADDED from src\main\AndroidManifest.xml:15:5-75
MERGED from [com.umeng.sdk:push:4.1.0] AndroidManifest.xml:16:5-75
MERGED from [com.umeng.sdk:push:4.1.0] AndroidManifest.xml:16:5-75
	android:name
		ADDED from src\main\AndroidManifest.xml:15:22-72
uses-permission#android.permission.CAMERA
ADDED from src\main\AndroidManifest.xml:16:5-65
MERGED from [com.lzy.widget:imagepicker:0.6.1] AndroidManifest.xml:18:5-65
MERGED from [com.lzy.widget:imagepicker:0.6.1] AndroidManifest.xml:18:5-65
	android:name
		ADDED from src\main\AndroidManifest.xml:16:22-62
uses-permission#android.permission.ACCESS_WIFI_STATE
ADDED from src\main\AndroidManifest.xml:17:5-76
MERGED from [com.umeng.sdk:push:4.1.0] AndroidManifest.xml:13:5-76
MERGED from [com.umeng.sdk:push:4.1.0] AndroidManifest.xml:13:5-76
MERGED from [com.umeng.sdk:share-core:6.9.1] AndroidManifest.xml:11:5-76
MERGED from [com.umeng.sdk:share-core:6.9.1] AndroidManifest.xml:11:5-76
	android:name
		ADDED from src\main\AndroidManifest.xml:17:22-73
uses-permission#android.permission.READ_EXTERNAL_STORAGE
ADDED from src\main\AndroidManifest.xml:18:5-80
MERGED from [com.lzy.widget:imagepicker:0.6.1] AndroidManifest.xml:16:5-80
MERGED from [com.lzy.widget:imagepicker:0.6.1] AndroidManifest.xml:16:5-80
MERGED from [com.lzy.net:okhttputils:1.8.1] AndroidManifest.xml:12:5-80
MERGED from [com.lzy.net:okhttputils:1.8.1] AndroidManifest.xml:12:5-80
	android:name
		ADDED from src\main\AndroidManifest.xml:18:22-77
uses-permission#android.permission.ACCESS_COARSE_LOCATION
ADDED from src\main\AndroidManifest.xml:19:5-81
	android:name
		ADDED from src\main\AndroidManifest.xml:19:22-78
uses-permission#android.permission.ACCESS_FINE_LOCATION
ADDED from src\main\AndroidManifest.xml:20:5-79
	android:name
		ADDED from src\main\AndroidManifest.xml:20:22-76
uses-permission#android.permission.CHANGE_WIFI_STATE
ADDED from src\main\AndroidManifest.xml:21:5-76
MERGED from [com.umeng.sdk:push:4.1.0] AndroidManifest.xml:25:5-76
MERGED from [com.umeng.sdk:push:4.1.0] AndroidManifest.xml:25:5-76
	android:name
		ADDED from src\main\AndroidManifest.xml:21:22-73
uses-permission#android.permission.ACCESS_LOCATION_EXTRA_COMMANDS
ADDED from src\main\AndroidManifest.xml:23:5-105
	android:name
		ADDED from src\main\AndroidManifest.xml:23:22-86
uses-permission#android.permission.BLUETOOTH
ADDED from src\main\AndroidManifest.xml:25:5-84
	android:name
		ADDED from src\main\AndroidManifest.xml:25:22-65
uses-permission#android.permission.BLUETOOTH_ADMIN
ADDED from src\main\AndroidManifest.xml:26:5-90
	android:name
		ADDED from src\main\AndroidManifest.xml:26:22-71
application
ADDED from src\main\AndroidManifest.xml:28:5-146:19
MERGED from [:status] AndroidManifest.xml:11:5-15:19
MERGED from [:status] AndroidManifest.xml:11:5-15:19
MERGED from [com.android.support:design:26.0.1] AndroidManifest.xml:25:5-29:19
MERGED from [com.android.support:design:26.0.1] AndroidManifest.xml:25:5-29:19
MERGED from [com.jpardogo.materialtabstrip:library:1.1.0] AndroidManifest.xml:9:5-20
MERGED from [com.jpardogo.materialtabstrip:library:1.1.0] AndroidManifest.xml:9:5-20
MERGED from [it.sephiroth.android.library.horizontallistview:hlistview:1.2.2] AndroidManifest.xml:4:2-16
MERGED from [it.sephiroth.android.library.horizontallistview:hlistview:1.2.2] AndroidManifest.xml:4:2-16
MERGED from [com.lzy.widget:imagepicker:0.6.1] AndroidManifest.xml:20:5-49:19
MERGED from [com.lzy.widget:imagepicker:0.6.1] AndroidManifest.xml:20:5-49:19
MERGED from [org.kymjs.kjframe:kjframe:2.4.6.2] AndroidManifest.xml:11:5-47
MERGED from [org.kymjs.kjframe:kjframe:2.4.6.2] AndroidManifest.xml:11:5-47
MERGED from [pub.devrel:easypermissions:2.0.1] AndroidManifest.xml:11:5-17:19
MERGED from [pub.devrel:easypermissions:2.0.1] AndroidManifest.xml:11:5-17:19
MERGED from [com.android.support:appcompat-v7:26.0.1] AndroidManifest.xml:25:5-29:19
MERGED from [com.android.support:appcompat-v7:26.0.1] AndroidManifest.xml:25:5-29:19
MERGED from [com.android.support:transition:26.0.1] AndroidManifest.xml:22:5-26:19
MERGED from [com.android.support:transition:26.0.1] AndroidManifest.xml:22:5-26:19
MERGED from [com.google.android.gms:play-services-appindexing:8.4.0] AndroidManifest.xml:19:5-20
MERGED from [com.google.android.gms:play-services-appindexing:8.4.0] AndroidManifest.xml:19:5-20
MERGED from [com.google.android.gms:play-services-basement:8.4.0] AndroidManifest.xml:20:5-24:19
MERGED from [com.google.android.gms:play-services-basement:8.4.0] AndroidManifest.xml:20:5-24:19
MERGED from [com.android.support:support-v4:26.0.1] AndroidManifest.xml:25:5-29:19
MERGED from [com.android.support:support-v4:26.0.1] AndroidManifest.xml:25:5-29:19
MERGED from [com.android.support:cardview-v7:26.0.1] AndroidManifest.xml:22:5-26:19
MERGED from [com.android.support:cardview-v7:26.0.1] AndroidManifest.xml:22:5-26:19
MERGED from [com.android.support.constraint:constraint-layout:1.0.2] AndroidManifest.xml:9:5-20
MERGED from [com.android.support.constraint:constraint-layout:1.0.2] AndroidManifest.xml:9:5-20
MERGED from [com.wx.wheelview:wheelview:1.3.3] AndroidManifest.xml:11:5-14:19
MERGED from [com.wx.wheelview:wheelview:1.3.3] AndroidManifest.xml:11:5-14:19
MERGED from [com.umeng.sdk:push:4.1.0] AndroidManifest.xml:27:5-163:19
MERGED from [com.umeng.sdk:push:4.1.0] AndroidManifest.xml:27:5-163:19
MERGED from [me.zhouzhuo.zzweatherview:zz-weather-view:1.0.2] AndroidManifest.xml:11:5-15:19
MERGED from [me.zhouzhuo.zzweatherview:zz-weather-view:1.0.2] AndroidManifest.xml:11:5-15:19
MERGED from [com.melnykov:floatingactionbutton:1.3.0] AndroidManifest.xml:12:5-20
MERGED from [com.melnykov:floatingactionbutton:1.3.0] AndroidManifest.xml:12:5-20
MERGED from [com.android.support:recyclerview-v7:26.0.1] AndroidManifest.xml:22:5-26:19
MERGED from [com.android.support:recyclerview-v7:26.0.1] AndroidManifest.xml:22:5-26:19
MERGED from [:ImageViewTouch] AndroidManifest.xml:11:5-14:19
MERGED from [:ImageViewTouch] AndroidManifest.xml:11:5-14:19
MERGED from [com.tbruyelle.rxpermissions2:rxpermissions:0.9.3] AndroidManifest.xml:11:5-20
MERGED from [com.tbruyelle.rxpermissions2:rxpermissions:0.9.3] AndroidManifest.xml:11:5-20
MERGED from [com.umeng.sdk:share-core:6.9.1] AndroidManifest.xml:13:5-14:19
MERGED from [com.umeng.sdk:share-core:6.9.1] AndroidManifest.xml:13:5-14:19
MERGED from [com.umeng.sdk:share-wechat:6.9.1] AndroidManifest.xml:11:5-17:19
MERGED from [com.umeng.sdk:share-wechat:6.9.1] AndroidManifest.xml:11:5-17:19
MERGED from [com.umeng.sdk:share-sina:6.9.1] AndroidManifest.xml:11:5-35:19
MERGED from [com.umeng.sdk:share-sina:6.9.1] AndroidManifest.xml:11:5-35:19
MERGED from [com.umeng.sdk:shareboard-widget:6.9.1] AndroidManifest.xml:9:5-10:19
MERGED from [com.umeng.sdk:shareboard-widget:6.9.1] AndroidManifest.xml:9:5-10:19
MERGED from [com.android.support:support-media-compat:26.0.1] AndroidManifest.xml:25:5-29:19
MERGED from [com.android.support:support-media-compat:26.0.1] AndroidManifest.xml:25:5-29:19
MERGED from [com.android.support:support-fragment:26.0.1] AndroidManifest.xml:25:5-29:19
MERGED from [com.android.support:support-fragment:26.0.1] AndroidManifest.xml:25:5-29:19
MERGED from [com.android.support:support-core-utils:26.0.1] AndroidManifest.xml:25:5-29:19
MERGED from [com.android.support:support-core-utils:26.0.1] AndroidManifest.xml:25:5-29:19
MERGED from [com.android.support:animated-vector-drawable:26.0.1] AndroidManifest.xml:22:5-26:19
MERGED from [com.android.support:animated-vector-drawable:26.0.1] AndroidManifest.xml:22:5-26:19
MERGED from [com.android.support:support-core-ui:26.0.1] AndroidManifest.xml:25:5-29:19
MERGED from [com.android.support:support-core-ui:26.0.1] AndroidManifest.xml:25:5-29:19
MERGED from [com.android.support:support-vector-drawable:26.0.1] AndroidManifest.xml:22:5-26:19
MERGED from [com.android.support:support-vector-drawable:26.0.1] AndroidManifest.xml:22:5-26:19
MERGED from [com.android.support:support-compat:26.0.1] AndroidManifest.xml:25:5-29:19
MERGED from [com.android.support:support-compat:26.0.1] AndroidManifest.xml:25:5-29:19
MERGED from [com.facebook.soloader:soloader:0.5.0] AndroidManifest.xml:11:5-20
MERGED from [com.facebook.soloader:soloader:0.5.0] AndroidManifest.xml:11:5-20
	android:supportsRtl
		ADDED from src\main\AndroidManifest.xml:35:9-35
	android:label
		ADDED from src\main\AndroidManifest.xml:32:9-41
		REJECTED from [:status] AndroidManifest.xml:13:9-41
		REJECTED from [me.zhouzhuo.zzweatherview:zz-weather-view:1.0.2] AndroidManifest.xml:13:9-41
		REJECTED from [:ImageViewTouch] AndroidManifest.xml:13:9-41
	android:largeHeap
		ADDED from src\main\AndroidManifest.xml:33:9-33
	android:icon
		ADDED from src\main\AndroidManifest.xml:31:9-43
	android:allowBackup
		ADDED from src\main\AndroidManifest.xml:30:9-35
	android:theme
		ADDED from src\main\AndroidManifest.xml:36:9-67
	android:networkSecurityConfig
		ADDED from src\main\AndroidManifest.xml:34:9-69
	tools:replace
		ADDED from src\main\AndroidManifest.xml:37:9-67
	android:name
		ADDED from src\main\AndroidManifest.xml:29:9-45
activity#com.ok100.weather.activity.AboutOursActivity
ADDED from src\main\AndroidManifest.xml:38:9-73
	android:name
		ADDED from src\main\AndroidManifest.xml:38:19-61
activity#com.ok100.weather.activity.LoginActivity
ADDED from src\main\AndroidManifest.xml:39:9-60
	android:name
		ADDED from src\main\AndroidManifest.xml:39:19-57
activity#com.ok100.weather.MainActivity
ADDED from src\main\AndroidManifest.xml:40:10-51
	android:name
		ADDED from src\main\AndroidManifest.xml:40:20-48
activity#com.ok100.weather.activity.ZhutiImgeActivity
ADDED from src\main\AndroidManifest.xml:41:9-64
	android:name
		ADDED from src\main\AndroidManifest.xml:41:19-61
activity#com.ok100.weather.activity.ShareMainActivity
ADDED from src\main\AndroidManifest.xml:42:9-64
	android:name
		ADDED from src\main\AndroidManifest.xml:42:19-61
activity#com.ok100.weather.activity.NoticeCenterActivity
ADDED from src\main\AndroidManifest.xml:43:9-67
	android:name
		ADDED from src\main\AndroidManifest.xml:43:19-64
activity#com.ok100.weather.activity.SettingActivity
ADDED from src\main\AndroidManifest.xml:44:9-62
	android:name
		ADDED from src\main\AndroidManifest.xml:44:19-59
activity#com.ok100.weather.activity.MyCityActivity
ADDED from src\main\AndroidManifest.xml:45:9-61
	android:name
		ADDED from src\main\AndroidManifest.xml:45:19-58
activity#com.ok100.weather.activity.UserInofActivity
ADDED from src\main\AndroidManifest.xml:46:9-63
	android:name
		ADDED from src\main\AndroidManifest.xml:46:19-60
activity#com.ok100.weather.activity.NoticeDetatilActivity
ADDED from src\main\AndroidManifest.xml:47:9-68
	android:name
		ADDED from src\main\AndroidManifest.xml:47:19-65
activity#com.ok100.weather.gh.GH_MapActivity
ADDED from src\main\AndroidManifest.xml:48:9-55
	android:name
		ADDED from src\main\AndroidManifest.xml:48:19-52
activity#com.ok100.weather.activity.WelcomeActivity
ADDED from src\main\AndroidManifest.xml:49:9-55:20
	android:name
		ADDED from src\main\AndroidManifest.xml:49:19-59
intent-filter#action:name:android.intent.action.MAIN+category:name:android.intent.category.LAUNCHER
ADDED from src\main\AndroidManifest.xml:50:13-54:29
action#android.intent.action.MAIN
ADDED from src\main\AndroidManifest.xml:51:17-69
	android:name
		ADDED from src\main\AndroidManifest.xml:51:25-66
category#android.intent.category.LAUNCHER
ADDED from src\main\AndroidManifest.xml:53:17-77
	android:name
		ADDED from src\main\AndroidManifest.xml:53:27-74
activity#com.ok100.weather.activity.SelectPicPopupWindowActivity
ADDED from src\main\AndroidManifest.xml:56:9-58:58
	android:theme
		ADDED from src\main\AndroidManifest.xml:58:13-55
	android:name
		ADDED from src\main\AndroidManifest.xml:57:13-66
activity#com.ok100.weather.gh.MineCenterActivity
ADDED from src\main\AndroidManifest.xml:59:9-59
	android:name
		ADDED from src\main\AndroidManifest.xml:59:19-56
activity#com.ok100.weather.gb.stickercamera.app.camera.ui.CameraActivity
ADDED from src\main\AndroidManifest.xml:60:9-63:83
	android:screenOrientation
		ADDED from src\main\AndroidManifest.xml:62:13-49
	android:theme
		ADDED from src\main\AndroidManifest.xml:63:13-80
	android:name
		ADDED from src\main\AndroidManifest.xml:61:13-74
activity#com.ok100.weather.gb.stickercamera.app.camera.ui.CropPhotoActivity
ADDED from src\main\AndroidManifest.xml:64:9-67:83
	android:screenOrientation
		ADDED from src\main\AndroidManifest.xml:66:13-49
	android:theme